# JRE version: OpenJDK Runtime Environment Microsoft-8035250 (11.0.20+8) (build 11.0.20+8-LTS)
# Java VM: OpenJDK 64-Bit Server VM Microsoft-8035250 (11.0.20+8-LTS, mixed mode, tiered, compressed oops, g1 gc, windows-amd64)
Heap:
 garbage-first heap   total 422912K, used 317975K [0x0000000080000000, 0x0000000100000000)
  region size 1024K, 26 young (26624K), 5 survivors (5120K)
 Metaspace       used 139220K, capacity 148043K, committed 148264K, reserved 643072K
  class space    used 18453K, capacity 21813K, committed 21836K, reserved 516096K
GC Heap History (20 events):
Event: 162.607 GC heap before
{Heap before GC invocations=63 (full 0):
 garbage-first heap   total 262144K, used 254222K [0x0000000080000000, 0x0000000100000000)
  region size 1024K, 12 young (12288K), 2 survivors (2048K)
 Metaspace       used 125430K, capacity 133550K, committed 133800K, reserved 630784K
  class space    used 16700K, capacity 19841K, committed 19916K, reserved 516096K
}
Event: 162.615 GC heap after
{Heap after GC invocations=64 (full 0):
 garbage-first heap   total 315392K, used 245642K [0x0000000080000000, 0x0000000100000000)
  region size 1024K, 2 young (2048K), 2 survivors (2048K)
 Metaspace       used 125430K, capacity 133550K, committed 133800K, reserved 630784K
  class space    used 16700K, capacity 19841K, committed 19916K, reserved 516096K
}
Event: 162.775 GC heap before
{Heap before GC invocations=65 (full 0):
 garbage-first heap   total 315392K, used 266122K [0x0000000080000000, 0x0000000100000000)
  region size 1024K, 22 young (22528K), 2 survivors (2048K)
 Metaspace       used 125434K, capacity 133550K, committed 133800K, reserved 630784K
  class space    used 16700K, capacity 19841K, committed 19916K, reserved 516096K
}
Event: 162.781 GC heap after
{Heap after GC invocations=66 (full 0):
 garbage-first heap   total 315392K, used 248451K [0x0000000080000000, 0x0000000100000000)
  region size 1024K, 3 young (3072K), 3 survivors (3072K)
 Metaspace       used 125434K, capacity 133550K, committed 133800K, reserved 630784K
  class space    used 16700K, capacity 19841K, committed 19916K, reserved 516096K
}
Event: 162.903 GC heap before
{Heap before GC invocations=66 (full 0):
 garbage-first heap   total 315392K, used 268931K [0x0000000080000000, 0x0000000100000000)
  region size 1024K, 23 young (23552K), 3 survivors (3072K)
 Metaspace       used 125465K, capacity 133550K, committed 133800K, reserved 630784K
  class space    used 16703K, capacity 19841K, committed 19916K, reserved 516096K
}
Event: 162.911 GC heap after
{Heap after GC invocations=67 (full 0):
 garbage-first heap   total 315392K, used 251253K [0x0000000080000000, 0x0000000100000000)
  region size 1024K, 3 young (3072K), 3 survivors (3072K)
 Metaspace       used 125465K, capacity 133550K, committed 133800K, reserved 630784K
  class space    used 16703K, capacity 19841K, committed 19916K, reserved 516096K
}
Event: 163.220 GC heap before
{Heap before GC invocations=67 (full 0):
 garbage-first heap   total 315392K, used 270709K [0x0000000080000000, 0x0000000100000000)
  region size 1024K, 22 young (22528K), 3 survivors (3072K)
 Metaspace       used 125889K, capacity 134132K, committed 134440K, reserved 630784K
  class space    used 16776K, capacity 19926K, committed 20044K, reserved 516096K
}
Event: 163.225 GC heap after
{Heap after GC invocations=68 (full 0):
 garbage-first heap   total 315392K, used 253213K [0x0000000080000000, 0x0000000100000000)
  region size 1024K, 2 young (2048K), 2 survivors (2048K)
 Metaspace       used 125889K, capacity 134132K, committed 134440K, reserved 630784K
  class space    used 16776K, capacity 19926K, committed 20044K, reserved 516096K
}
Event: 163.611 GC heap before
{Heap before GC invocations=68 (full 0):
 garbage-first heap   total 315392K, used 272669K [0x0000000080000000, 0x0000000100000000)
  region size 1024K, 21 young (21504K), 2 survivors (2048K)
 Metaspace       used 127202K, capacity 135444K, committed 135592K, reserved 632832K
  class space    used 16925K, capacity 20086K, committed 20172K, reserved 516096K
}
Event: 163.622 GC heap after
{Heap after GC invocations=69 (full 0):
 garbage-first heap   total 422912K, used 254091K [0x0000000080000000, 0x0000000100000000)
  region size 1024K, 1 young (1024K), 1 survivors (1024K)
 Metaspace       used 127202K, capacity 135444K, committed 135592K, reserved 632832K
  class space    used 16925K, capacity 20086K, committed 20172K, reserved 516096K
}
Event: 165.112 GC heap before
{Heap before GC invocations=70 (full 0):
 garbage-first heap   total 422912K, used 312459K [0x0000000080000000, 0x0000000100000000)
  region size 1024K, 58 young (59392K), 1 survivors (1024K)
 Metaspace       used 129074K, capacity 137523K, committed 137768K, reserved 634880K
  class space    used 17206K, capacity 20471K, committed 20556K, reserved 516096K
}
Event: 165.122 GC heap after
{Heap after GC invocations=71 (full 0):
 garbage-first heap   total 422912K, used 262846K [0x0000000080000000, 0x0000000100000000)
  region size 1024K, 8 young (8192K), 8 survivors (8192K)
 Metaspace       used 129074K, capacity 137523K, committed 137768K, reserved 634880K
  class space    used 17206K, capacity 20471K, committed 20556K, reserved 516096K
}
Event: 166.328 GC heap before
{Heap before GC invocations=71 (full 0):
 garbage-first heap   total 422912K, used 321214K [0x0000000080000000, 0x0000000100000000)
  region size 1024K, 65 young (66560K), 8 survivors (8192K)
 Metaspace       used 131470K, capacity 139968K, committed 140072K, reserved 636928K
  class space    used 17507K, capacity 20774K, committed 20812K, reserved 516096K
}
Event: 166.340 GC heap after
{Heap after GC invocations=72 (full 0):
 garbage-first heap   total 422912K, used 267591K [0x0000000080000000, 0x0000000100000000)
  region size 1024K, 5 young (5120K), 5 survivors (5120K)
 Metaspace       used 131470K, capacity 139968K, committed 140072K, reserved 636928K
  class space    used 17507K, capacity 20774K, committed 20812K, reserved 516096K
}
Event: 168.325 GC heap before
{Heap before GC invocations=72 (full 0):
 garbage-first heap   total 422912K, used 332103K [0x0000000080000000, 0x0000000100000000)
  region size 1024K, 64 young (65536K), 5 survivors (5120K)
 Metaspace       used 133521K, capacity 142405K, committed 142760K, reserved 638976K
  class space    used 17777K, capacity 21093K, committed 21196K, reserved 516096K
}
Event: 168.343 GC heap after
{Heap after GC invocations=73 (full 0):
 garbage-first heap   total 422912K, used 281810K [0x0000000080000000, 0x0000000100000000)
  region size 1024K, 8 young (8192K), 8 survivors (8192K)
 Metaspace       used 133521K, capacity 142405K, committed 142760K, reserved 638976K
  class space    used 17777K, capacity 21093K, committed 21196K, reserved 516096K
}
Event: 170.125 GC heap before
{Heap before GC invocations=73 (full 0):
 garbage-first heap   total 422912K, used 338130K [0x0000000080000000, 0x0000000100000000)
  region size 1024K, 64 young (65536K), 8 survivors (8192K)
 Metaspace       used 134804K, capacity 143598K, committed 143656K, reserved 638976K
  class space    used 17921K, capacity 21298K, committed 21324K, reserved 516096K
}
Event: 170.147 GC heap after
{Heap after GC invocations=74 (full 0):
 garbage-first heap   total 422912K, used 293352K [0x0000000080000000, 0x0000000100000000)
  region size 1024K, 8 young (8192K), 8 survivors (8192K)
 Metaspace       used 134804K, capacity 143598K, committed 143656K, reserved 638976K
  class space    used 17921K, capacity 21298K, committed 21324K, reserved 516096K
}
Event: 172.655 GC heap before
{Heap before GC invocations=74 (full 0):
 garbage-first heap   total 422912K, used 344552K [0x0000000080000000, 0x0000000100000000)
  region size 1024K, 59 young (60416K), 8 survivors (8192K)
 Metaspace       used 138151K, capacity 146980K, committed 147112K, reserved 643072K
  class space    used 18305K, capacity 21641K, committed 21708K, reserved 516096K
}
Event: 172.695 GC heap after
{Heap after GC invocations=75 (full 0):
 garbage-first heap   total 422912K, used 298519K [0x0000000080000000, 0x0000000100000000)
  region size 1024K, 5 young (5120K), 5 survivors (5120K)
 Metaspace       used 138151K, capacity 146980K, committed 147112K, reserved 643072K
  class space    used 18305K, capacity 21641K, committed 21708K, reserved 516096K
}

